执行日期：2015-08-02 17:41:45
【参数】:
 order_id：0   payment_notice_sn:


执行日期：2015-08-02 17:41:45
【原始XML】:
<xml><appid><![CDATA[wx89fa50cfbf52f6d5]]></appid>
<bank_type><![CDATA[CFT]]></bank_type>
<cash_fee><![CDATA[1]]></cash_fee>
<fee_type><![CDATA[CNY]]></fee_type>
<is_subscribe><![CDATA[Y]]></is_subscribe>
<mch_id><![CDATA[1228480802]]></mch_id>
<nonce_str><![CDATA[bsiqqr86s891s9bgee13urjz4xlv32yk]]></nonce_str>
<openid><![CDATA[onXnrjiA-U2fb-WldkLOyaMg_Zv4]]></openid>
<order_id><![CDATA[0]]></order_id>
<out_trade_no><![CDATA[20150802745]]></out_trade_no>
<result_code><![CDATA[SUCCESS]]></result_code>
<return_code><![CDATA[SUCCESS]]></return_code>
<sign><![CDATA[400E967EF94AFA7157C7289BB676981D]]></sign>
<time_end><![CDATA[20150802174143]]></time_end>
<total_fee>1</total_fee>
<trade_type><![CDATA[JSAPI]]></trade_type>
<transaction_id><![CDATA[1010170821201508020531967320]]></transaction_id>
</xml>


执行日期：2015-08-02 17:41:45
【支付成功】:
<xml><appid><![CDATA[wx89fa50cfbf52f6d5]]></appid>
<bank_type><![CDATA[CFT]]></bank_type>
<cash_fee><![CDATA[1]]></cash_fee>
<fee_type><![CDATA[CNY]]></fee_type>
<is_subscribe><![CDATA[Y]]></is_subscribe>
<mch_id><![CDATA[1228480802]]></mch_id>
<nonce_str><![CDATA[bsiqqr86s891s9bgee13urjz4xlv32yk]]></nonce_str>
<openid><![CDATA[onXnrjiA-U2fb-WldkLOyaMg_Zv4]]></openid>
<order_id><![CDATA[0]]></order_id>
<out_trade_no><![CDATA[20150802745]]></out_trade_no>
<result_code><![CDATA[SUCCESS]]></result_code>
<return_code><![CDATA[SUCCESS]]></return_code>
<sign><![CDATA[400E967EF94AFA7157C7289BB676981D]]></sign>
<time_end><![CDATA[20150802174143]]></time_end>
<total_fee>1</total_fee>
<trade_type><![CDATA[JSAPI]]></trade_type>
<transaction_id><![CDATA[1010170821201508020531967320]]></transaction_id>
</xml>


执行日期：2015-08-02 17:43:23
【参数】:
 order_id：0   payment_notice_sn:


执行日期：2015-08-02 17:43:23
【原始XML】:
<xml><appid><![CDATA[wx89fa50cfbf52f6d5]]></appid>
<bank_type><![CDATA[CFT]]></bank_type>
<cash_fee><![CDATA[1]]></cash_fee>
<fee_type><![CDATA[CNY]]></fee_type>
<is_subscribe><![CDATA[Y]]></is_subscribe>
<mch_id><![CDATA[1228480802]]></mch_id>
<nonce_str><![CDATA[786i78ajw3p4no30k6td0j888oac3lcq]]></nonce_str>
<openid><![CDATA[onXnrjiA-U2fb-WldkLOyaMg_Zv4]]></openid>
<order_id><![CDATA[601]]></order_id>
<out_trade_no><![CDATA[20150802739]]></out_trade_no>
<result_code><![CDATA[SUCCESS]]></result_code>
<return_code><![CDATA[SUCCESS]]></return_code>
<sign><![CDATA[CF3F64DECFAC03A8BBC7A0AD203D7D1C]]></sign>
<time_end><![CDATA[20150802174322]]></time_end>
<total_fee>1</total_fee>
<trade_type><![CDATA[JSAPI]]></trade_type>
<transaction_id><![CDATA[1010170821201508020531979503]]></transaction_id>
</xml>


执行日期：2015-08-02 17:43:23
【支付成功】:
<xml><appid><![CDATA[wx89fa50cfbf52f6d5]]></appid>
<bank_type><![CDATA[CFT]]></bank_type>
<cash_fee><![CDATA[1]]></cash_fee>
<fee_type><![CDATA[CNY]]></fee_type>
<is_subscribe><![CDATA[Y]]></is_subscribe>
<mch_id><![CDATA[1228480802]]></mch_id>
<nonce_str><![CDATA[786i78ajw3p4no30k6td0j888oac3lcq]]></nonce_str>
<openid><![CDATA[onXnrjiA-U2fb-WldkLOyaMg_Zv4]]></openid>
<order_id><![CDATA[601]]></order_id>
<out_trade_no><![CDATA[20150802739]]></out_trade_no>
<result_code><![CDATA[SUCCESS]]></result_code>
<return_code><![CDATA[SUCCESS]]></return_code>
<sign><![CDATA[CF3F64DECFAC03A8BBC7A0AD203D7D1C]]></sign>
<time_end><![CDATA[20150802174322]]></time_end>
<total_fee>1</total_fee>
<trade_type><![CDATA[JSAPI]]></trade_type>
<transaction_id><![CDATA[1010170821201508020531979503]]></transaction_id>
</xml>


执行日期：2015-08-02 17:44:29
【参数】:
 order_id：0   payment_notice_sn:


执行日期：2015-08-02 17:44:29
【原始XML】:
<xml><appid><![CDATA[wx89fa50cfbf52f6d5]]></appid>
<bank_type><![CDATA[CFT]]></bank_type>
<cash_fee><![CDATA[1]]></cash_fee>
<fee_type><![CDATA[CNY]]></fee_type>
<is_subscribe><![CDATA[Y]]></is_subscribe>
<mch_id><![CDATA[1228480802]]></mch_id>
<nonce_str><![CDATA[lajxsz3j397h9ame6yj82zmweudc91ci]]></nonce_str>
<openid><![CDATA[onXnrjiA-U2fb-WldkLOyaMg_Zv4]]></openid>
<order_id><![CDATA[600]]></order_id>
<out_trade_no><![CDATA[20150802533]]></out_trade_no>
<result_code><![CDATA[SUCCESS]]></result_code>
<return_code><![CDATA[SUCCESS]]></return_code>
<sign><![CDATA[FF0547A5C5E7A18DF753D5F2560A867C]]></sign>
<time_end><![CDATA[20150802174428]]></time_end>
<total_fee>1</total_fee>
<trade_type><![CDATA[JSAPI]]></trade_type>
<transaction_id><![CDATA[1010170821201508020531987729]]></transaction_id>
</xml>


执行日期：2015-08-02 17:44:29
【支付成功】:
<xml><appid><![CDATA[wx89fa50cfbf52f6d5]]></appid>
<bank_type><![CDATA[CFT]]></bank_type>
<cash_fee><![CDATA[1]]></cash_fee>
<fee_type><![CDATA[CNY]]></fee_type>
<is_subscribe><![CDATA[Y]]></is_subscribe>
<mch_id><![CDATA[1228480802]]></mch_id>
<nonce_str><![CDATA[lajxsz3j397h9ame6yj82zmweudc91ci]]></nonce_str>
<openid><![CDATA[onXnrjiA-U2fb-WldkLOyaMg_Zv4]]></openid>
<order_id><![CDATA[600]]></order_id>
<out_trade_no><![CDATA[20150802533]]></out_trade_no>
<result_code><![CDATA[SUCCESS]]></result_code>
<return_code><![CDATA[SUCCESS]]></return_code>
<sign><![CDATA[FF0547A5C5E7A18DF753D5F2560A867C]]></sign>
<time_end><![CDATA[20150802174428]]></time_end>
<total_fee>1</total_fee>
<trade_type><![CDATA[JSAPI]]></trade_type>
<transaction_id><![CDATA[1010170821201508020531987729]]></transaction_id>
</xml>


执行日期：2015-08-02 17:49:38
【参数】:
 order_id：0   payment_notice_sn:


执行日期：2015-08-02 17:49:38
【原始XML】:
<xml><appid><![CDATA[wx89fa50cfbf52f6d5]]></appid>
<bank_type><![CDATA[CFT]]></bank_type>
<cash_fee><![CDATA[1]]></cash_fee>
<fee_type><![CDATA[CNY]]></fee_type>
<is_subscribe><![CDATA[Y]]></is_subscribe>
<mch_id><![CDATA[1228480802]]></mch_id>
<nonce_str><![CDATA[gufff0pmc1qjlblbainy6oau4p2xtiz2]]></nonce_str>
<openid><![CDATA[onXnrjiA-U2fb-WldkLOyaMg_Zv4]]></openid>
<order_id><![CDATA[32]]></order_id>
<out_trade_no><![CDATA[20150802154]]></out_trade_no>
<result_code><![CDATA[SUCCESS]]></result_code>
<return_code><![CDATA[SUCCESS]]></return_code>
<sign><![CDATA[811DDAB236B7B4CEC4E937559203177A]]></sign>
<time_end><![CDATA[20150802174937]]></time_end>
<total_fee>1</total_fee>
<trade_type><![CDATA[JSAPI]]></trade_type>
<transaction_id><![CDATA[1010170821201508020532028335]]></transaction_id>
</xml>


执行日期：2015-08-02 17:49:38
【支付成功】:
<xml><appid><![CDATA[wx89fa50cfbf52f6d5]]></appid>
<bank_type><![CDATA[CFT]]></bank_type>
<cash_fee><![CDATA[1]]></cash_fee>
<fee_type><![CDATA[CNY]]></fee_type>
<is_subscribe><![CDATA[Y]]></is_subscribe>
<mch_id><![CDATA[1228480802]]></mch_id>
<nonce_str><![CDATA[gufff0pmc1qjlblbainy6oau4p2xtiz2]]></nonce_str>
<openid><![CDATA[onXnrjiA-U2fb-WldkLOyaMg_Zv4]]></openid>
<order_id><![CDATA[32]]></order_id>
<out_trade_no><![CDATA[20150802154]]></out_trade_no>
<result_code><![CDATA[SUCCESS]]></result_code>
<return_code><![CDATA[SUCCESS]]></return_code>
<sign><![CDATA[811DDAB236B7B4CEC4E937559203177A]]></sign>
<time_end><![CDATA[20150802174937]]></time_end>
<total_fee>1</total_fee>
<trade_type><![CDATA[JSAPI]]></trade_type>
<transaction_id><![CDATA[1010170821201508020532028335]]></transaction_id>
</xml>


执行日期：2015-08-02 22:52:35
【参数】:
 order_id：0   payment_notice_sn:


执行日期：2015-08-02 22:52:35
【原始XML】:
<xml><appid><![CDATA[wx89fa50cfbf52f6d5]]></appid>
<bank_type><![CDATA[CFT]]></bank_type>
<cash_fee><![CDATA[1]]></cash_fee>
<fee_type><![CDATA[CNY]]></fee_type>
<is_subscribe><![CDATA[Y]]></is_subscribe>
<mch_id><![CDATA[1228480802]]></mch_id>
<nonce_str><![CDATA[r5y7zczpg1mxvpdmvm4da1yh41dxfptr]]></nonce_str>
<openid><![CDATA[onXnrjiA-U2fb-WldkLOyaMg_Zv4]]></openid>
<order_id><![CDATA[58]]></order_id>
<out_trade_no><![CDATA[20150802332]]></out_trade_no>
<result_code><![CDATA[SUCCESS]]></result_code>
<return_code><![CDATA[SUCCESS]]></return_code>
<sign><![CDATA[B0D2E4513CDB3A0CD07D6F5E0E3C7279]]></sign>
<time_end><![CDATA[20150802225233]]></time_end>
<total_fee>1</total_fee>
<trade_type><![CDATA[JSAPI]]></trade_type>
<transaction_id><![CDATA[1010170821201508020534323373]]></transaction_id>
</xml>


执行日期：2015-08-02 22:52:35
【支付成功】:
<xml><appid><![CDATA[wx89fa50cfbf52f6d5]]></appid>
<bank_type><![CDATA[CFT]]></bank_type>
<cash_fee><![CDATA[1]]></cash_fee>
<fee_type><![CDATA[CNY]]></fee_type>
<is_subscribe><![CDATA[Y]]></is_subscribe>
<mch_id><![CDATA[1228480802]]></mch_id>
<nonce_str><![CDATA[r5y7zczpg1mxvpdmvm4da1yh41dxfptr]]></nonce_str>
<openid><![CDATA[onXnrjiA-U2fb-WldkLOyaMg_Zv4]]></openid>
<order_id><![CDATA[58]]></order_id>
<out_trade_no><![CDATA[20150802332]]></out_trade_no>
<result_code><![CDATA[SUCCESS]]></result_code>
<return_code><![CDATA[SUCCESS]]></return_code>
<sign><![CDATA[B0D2E4513CDB3A0CD07D6F5E0E3C7279]]></sign>
<time_end><![CDATA[20150802225233]]></time_end>
<total_fee>1</total_fee>
<trade_type><![CDATA[JSAPI]]></trade_type>
<transaction_id><![CDATA[1010170821201508020534323373]]></transaction_id>
</xml>


执行日期：2015-08-02 22:58:29
【参数】:
 order_id：0   payment_notice_sn:


执行日期：2015-08-02 22:58:29
【原始XML】:
<xml><appid><![CDATA[wx89fa50cfbf52f6d5]]></appid>
<bank_type><![CDATA[CFT]]></bank_type>
<cash_fee><![CDATA[1]]></cash_fee>
<fee_type><![CDATA[CNY]]></fee_type>
<is_subscribe><![CDATA[Y]]></is_subscribe>
<mch_id><![CDATA[1228480802]]></mch_id>
<nonce_str><![CDATA[pwmjg48g18ih3ua3awdbhsbwmmaxowre]]></nonce_str>
<openid><![CDATA[onXnrjiA-U2fb-WldkLOyaMg_Zv4]]></openid>
<order_id><![CDATA[0]]></order_id>
<out_trade_no><![CDATA[20150802664]]></out_trade_no>
<result_code><![CDATA[SUCCESS]]></result_code>
<return_code><![CDATA[SUCCESS]]></return_code>
<sign><![CDATA[697FE3D4F3DDD1C3EA5B8F169078A816]]></sign>
<time_end><![CDATA[20150802225827]]></time_end>
<total_fee>1</total_fee>
<trade_type><![CDATA[JSAPI]]></trade_type>
<transaction_id><![CDATA[1010170821201508020534343777]]></transaction_id>
</xml>


执行日期：2015-08-02 22:58:29
【支付成功】:
<xml><appid><![CDATA[wx89fa50cfbf52f6d5]]></appid>
<bank_type><![CDATA[CFT]]></bank_type>
<cash_fee><![CDATA[1]]></cash_fee>
<fee_type><![CDATA[CNY]]></fee_type>
<is_subscribe><![CDATA[Y]]></is_subscribe>
<mch_id><![CDATA[1228480802]]></mch_id>
<nonce_str><![CDATA[pwmjg48g18ih3ua3awdbhsbwmmaxowre]]></nonce_str>
<openid><![CDATA[onXnrjiA-U2fb-WldkLOyaMg_Zv4]]></openid>
<order_id><![CDATA[0]]></order_id>
<out_trade_no><![CDATA[20150802664]]></out_trade_no>
<result_code><![CDATA[SUCCESS]]></result_code>
<return_code><![CDATA[SUCCESS]]></return_code>
<sign><![CDATA[697FE3D4F3DDD1C3EA5B8F169078A816]]></sign>
<time_end><![CDATA[20150802225827]]></time_end>
<total_fee>1</total_fee>
<trade_type><![CDATA[JSAPI]]></trade_type>
<transaction_id><![CDATA[1010170821201508020534343777]]></transaction_id>
</xml>


