执行日期：2015-08-02 17:41:45
【saveData xml】
:<xml><appid><![CDATA[wx89fa50cfbf52f6d5]]></appid>
<bank_type><![CDATA[CFT]]></bank_type>
<cash_fee><![CDATA[1]]></cash_fee>
<fee_type><![CDATA[CNY]]></fee_type>
<is_subscribe><![CDATA[Y]]></is_subscribe>
<mch_id><![CDATA[1228480802]]></mch_id>
<nonce_str><![CDATA[bsiqqr86s891s9bgee13urjz4xlv32yk]]></nonce_str>
<openid><![CDATA[onXnrjiA-U2fb-WldkLOyaMg_Zv4]]></openid>
<order_id><![CDATA[0]]></order_id>
<out_trade_no><![CDATA[20150802745]]></out_trade_no>
<result_code><![CDATA[SUCCESS]]></result_code>
<return_code><![CDATA[SUCCESS]]></return_code>
<sign><![CDATA[400E967EF94AFA7157C7289BB676981D]]></sign>
<time_end><![CDATA[20150802174143]]></time_end>
<total_fee>1</total_fee>
<trade_type><![CDATA[JSAPI]]></trade_type>
<transaction_id><![CDATA[1010170821201508020531967320]]></transaction_id>
</xml>


执行日期：2015-08-02 17:41:45
【saveData info】
:{"appid":"wx89fa50cfbf52f6d5","bank_type":"CFT","cash_fee":"1","fee_type":"CNY","is_subscribe":"Y","mch_id":"1228480802","nonce_str":"bsiqqr86s891s9bgee13urjz4xlv32yk","openid":"onXnrjiA-U2fb-WldkLOyaMg_Zv4","out_trade_no":"20150802745","result_code":"SUCCESS","return_code":"SUCCESS","sign":"400E967EF94AFA7157C7289BB676981D","time_end":"20150802174143","total_fee":"1","trade_type":"JSAPI","transaction_id":"1010170821201508020531967320"}


执行日期：2015-08-02 17:41:45
【签名 字符】:appid=wx89fa50cfbf52f6d5&bank_type=CFT&cash_fee=1&fee_type=CNY&is_subscribe=Y&mch_id=1228480802&nonce_str=bsiqqr86s891s9bgee13urjz4xlv32yk&openid=onXnrjiA-U2fb-WldkLOyaMg_Zv4&out_trade_no=20150802745&result_code=SUCCESS&return_code=SUCCESS&time_end=20150802174143&total_fee=1&trade_type=JSAPI&transaction_id=1010170821201508020531967320&key=UQX5U5HKvBkBHC3KR5vVzSBHc2HhqHHU


执行日期：2015-08-02 17:41:45
【签名 MD5】:400E967EF94AFA7157C7289BB676981D


执行日期：2015-08-02 17:41:45
【xml sign】:400E967EF94AFA7157C7289BB676981D
【local Sign】:400E967EF94AFA7157C7289BB676981D


执行日期：2015-08-02 17:43:23
【saveData xml】
:<xml><appid><![CDATA[wx89fa50cfbf52f6d5]]></appid>
<bank_type><![CDATA[CFT]]></bank_type>
<cash_fee><![CDATA[1]]></cash_fee>
<fee_type><![CDATA[CNY]]></fee_type>
<is_subscribe><![CDATA[Y]]></is_subscribe>
<mch_id><![CDATA[1228480802]]></mch_id>
<nonce_str><![CDATA[786i78ajw3p4no30k6td0j888oac3lcq]]></nonce_str>
<openid><![CDATA[onXnrjiA-U2fb-WldkLOyaMg_Zv4]]></openid>
<order_id><![CDATA[601]]></order_id>
<out_trade_no><![CDATA[20150802739]]></out_trade_no>
<result_code><![CDATA[SUCCESS]]></result_code>
<return_code><![CDATA[SUCCESS]]></return_code>
<sign><![CDATA[CF3F64DECFAC03A8BBC7A0AD203D7D1C]]></sign>
<time_end><![CDATA[20150802174322]]></time_end>
<total_fee>1</total_fee>
<trade_type><![CDATA[JSAPI]]></trade_type>
<transaction_id><![CDATA[1010170821201508020531979503]]></transaction_id>
</xml>


执行日期：2015-08-02 17:43:23
【saveData info】
:{"appid":"wx89fa50cfbf52f6d5","bank_type":"CFT","cash_fee":"1","fee_type":"CNY","is_subscribe":"Y","mch_id":"1228480802","nonce_str":"786i78ajw3p4no30k6td0j888oac3lcq","openid":"onXnrjiA-U2fb-WldkLOyaMg_Zv4","out_trade_no":"20150802739","result_code":"SUCCESS","return_code":"SUCCESS","sign":"CF3F64DECFAC03A8BBC7A0AD203D7D1C","time_end":"20150802174322","total_fee":"1","trade_type":"JSAPI","transaction_id":"1010170821201508020531979503"}


执行日期：2015-08-02 17:43:23
【签名 字符】:appid=wx89fa50cfbf52f6d5&bank_type=CFT&cash_fee=1&fee_type=CNY&is_subscribe=Y&mch_id=1228480802&nonce_str=786i78ajw3p4no30k6td0j888oac3lcq&openid=onXnrjiA-U2fb-WldkLOyaMg_Zv4&out_trade_no=20150802739&result_code=SUCCESS&return_code=SUCCESS&time_end=20150802174322&total_fee=1&trade_type=JSAPI&transaction_id=1010170821201508020531979503&key=UQX5U5HKvBkBHC3KR5vVzSBHc2HhqHHU


执行日期：2015-08-02 17:43:23
【签名 MD5】:CF3F64DECFAC03A8BBC7A0AD203D7D1C


执行日期：2015-08-02 17:43:23
【xml sign】:CF3F64DECFAC03A8BBC7A0AD203D7D1C
【local Sign】:CF3F64DECFAC03A8BBC7A0AD203D7D1C


执行日期：2015-08-02 17:44:29
【saveData xml】
:<xml><appid><![CDATA[wx89fa50cfbf52f6d5]]></appid>
<bank_type><![CDATA[CFT]]></bank_type>
<cash_fee><![CDATA[1]]></cash_fee>
<fee_type><![CDATA[CNY]]></fee_type>
<is_subscribe><![CDATA[Y]]></is_subscribe>
<mch_id><![CDATA[1228480802]]></mch_id>
<nonce_str><![CDATA[lajxsz3j397h9ame6yj82zmweudc91ci]]></nonce_str>
<openid><![CDATA[onXnrjiA-U2fb-WldkLOyaMg_Zv4]]></openid>
<order_id><![CDATA[600]]></order_id>
<out_trade_no><![CDATA[20150802533]]></out_trade_no>
<result_code><![CDATA[SUCCESS]]></result_code>
<return_code><![CDATA[SUCCESS]]></return_code>
<sign><![CDATA[FF0547A5C5E7A18DF753D5F2560A867C]]></sign>
<time_end><![CDATA[20150802174428]]></time_end>
<total_fee>1</total_fee>
<trade_type><![CDATA[JSAPI]]></trade_type>
<transaction_id><![CDATA[1010170821201508020531987729]]></transaction_id>
</xml>


执行日期：2015-08-02 17:44:29
【saveData info】
:{"appid":"wx89fa50cfbf52f6d5","bank_type":"CFT","cash_fee":"1","fee_type":"CNY","is_subscribe":"Y","mch_id":"1228480802","nonce_str":"lajxsz3j397h9ame6yj82zmweudc91ci","openid":"onXnrjiA-U2fb-WldkLOyaMg_Zv4","out_trade_no":"20150802533","result_code":"SUCCESS","return_code":"SUCCESS","sign":"FF0547A5C5E7A18DF753D5F2560A867C","time_end":"20150802174428","total_fee":"1","trade_type":"JSAPI","transaction_id":"1010170821201508020531987729"}


执行日期：2015-08-02 17:44:29
【签名 字符】:appid=wx89fa50cfbf52f6d5&bank_type=CFT&cash_fee=1&fee_type=CNY&is_subscribe=Y&mch_id=1228480802&nonce_str=lajxsz3j397h9ame6yj82zmweudc91ci&openid=onXnrjiA-U2fb-WldkLOyaMg_Zv4&out_trade_no=20150802533&result_code=SUCCESS&return_code=SUCCESS&time_end=20150802174428&total_fee=1&trade_type=JSAPI&transaction_id=1010170821201508020531987729&key=UQX5U5HKvBkBHC3KR5vVzSBHc2HhqHHU


执行日期：2015-08-02 17:44:29
【签名 MD5】:FF0547A5C5E7A18DF753D5F2560A867C


执行日期：2015-08-02 17:44:29
【xml sign】:FF0547A5C5E7A18DF753D5F2560A867C
【local Sign】:FF0547A5C5E7A18DF753D5F2560A867C


执行日期：2015-08-02 17:49:38
【saveData xml】
:<xml><appid><![CDATA[wx89fa50cfbf52f6d5]]></appid>
<bank_type><![CDATA[CFT]]></bank_type>
<cash_fee><![CDATA[1]]></cash_fee>
<fee_type><![CDATA[CNY]]></fee_type>
<is_subscribe><![CDATA[Y]]></is_subscribe>
<mch_id><![CDATA[1228480802]]></mch_id>
<nonce_str><![CDATA[gufff0pmc1qjlblbainy6oau4p2xtiz2]]></nonce_str>
<openid><![CDATA[onXnrjiA-U2fb-WldkLOyaMg_Zv4]]></openid>
<order_id><![CDATA[32]]></order_id>
<out_trade_no><![CDATA[20150802154]]></out_trade_no>
<result_code><![CDATA[SUCCESS]]></result_code>
<return_code><![CDATA[SUCCESS]]></return_code>
<sign><![CDATA[811DDAB236B7B4CEC4E937559203177A]]></sign>
<time_end><![CDATA[20150802174937]]></time_end>
<total_fee>1</total_fee>
<trade_type><![CDATA[JSAPI]]></trade_type>
<transaction_id><![CDATA[1010170821201508020532028335]]></transaction_id>
</xml>


执行日期：2015-08-02 17:49:38
【saveData info】
:{"appid":"wx89fa50cfbf52f6d5","bank_type":"CFT","cash_fee":"1","fee_type":"CNY","is_subscribe":"Y","mch_id":"1228480802","nonce_str":"gufff0pmc1qjlblbainy6oau4p2xtiz2","openid":"onXnrjiA-U2fb-WldkLOyaMg_Zv4","out_trade_no":"20150802154","result_code":"SUCCESS","return_code":"SUCCESS","sign":"811DDAB236B7B4CEC4E937559203177A","time_end":"20150802174937","total_fee":"1","trade_type":"JSAPI","transaction_id":"1010170821201508020532028335"}


执行日期：2015-08-02 17:49:38
【签名 字符】:appid=wx89fa50cfbf52f6d5&bank_type=CFT&cash_fee=1&fee_type=CNY&is_subscribe=Y&mch_id=1228480802&nonce_str=gufff0pmc1qjlblbainy6oau4p2xtiz2&openid=onXnrjiA-U2fb-WldkLOyaMg_Zv4&out_trade_no=20150802154&result_code=SUCCESS&return_code=SUCCESS&time_end=20150802174937&total_fee=1&trade_type=JSAPI&transaction_id=1010170821201508020532028335&key=UQX5U5HKvBkBHC3KR5vVzSBHc2HhqHHU


执行日期：2015-08-02 17:49:38
【签名 MD5】:811DDAB236B7B4CEC4E937559203177A


执行日期：2015-08-02 17:49:38
【xml sign】:811DDAB236B7B4CEC4E937559203177A
【local Sign】:811DDAB236B7B4CEC4E937559203177A


执行日期：2015-08-02 22:52:35
【saveData xml】
:<xml><appid><![CDATA[wx89fa50cfbf52f6d5]]></appid>
<bank_type><![CDATA[CFT]]></bank_type>
<cash_fee><![CDATA[1]]></cash_fee>
<fee_type><![CDATA[CNY]]></fee_type>
<is_subscribe><![CDATA[Y]]></is_subscribe>
<mch_id><![CDATA[1228480802]]></mch_id>
<nonce_str><![CDATA[r5y7zczpg1mxvpdmvm4da1yh41dxfptr]]></nonce_str>
<openid><![CDATA[onXnrjiA-U2fb-WldkLOyaMg_Zv4]]></openid>
<order_id><![CDATA[58]]></order_id>
<out_trade_no><![CDATA[20150802332]]></out_trade_no>
<result_code><![CDATA[SUCCESS]]></result_code>
<return_code><![CDATA[SUCCESS]]></return_code>
<sign><![CDATA[B0D2E4513CDB3A0CD07D6F5E0E3C7279]]></sign>
<time_end><![CDATA[20150802225233]]></time_end>
<total_fee>1</total_fee>
<trade_type><![CDATA[JSAPI]]></trade_type>
<transaction_id><![CDATA[1010170821201508020534323373]]></transaction_id>
</xml>


执行日期：2015-08-02 22:52:35
【saveData info】
:{"appid":"wx89fa50cfbf52f6d5","bank_type":"CFT","cash_fee":"1","fee_type":"CNY","is_subscribe":"Y","mch_id":"1228480802","nonce_str":"r5y7zczpg1mxvpdmvm4da1yh41dxfptr","openid":"onXnrjiA-U2fb-WldkLOyaMg_Zv4","out_trade_no":"20150802332","result_code":"SUCCESS","return_code":"SUCCESS","sign":"B0D2E4513CDB3A0CD07D6F5E0E3C7279","time_end":"20150802225233","total_fee":"1","trade_type":"JSAPI","transaction_id":"1010170821201508020534323373"}


执行日期：2015-08-02 22:52:35
【签名 字符】:appid=wx89fa50cfbf52f6d5&bank_type=CFT&cash_fee=1&fee_type=CNY&is_subscribe=Y&mch_id=1228480802&nonce_str=r5y7zczpg1mxvpdmvm4da1yh41dxfptr&openid=onXnrjiA-U2fb-WldkLOyaMg_Zv4&out_trade_no=20150802332&result_code=SUCCESS&return_code=SUCCESS&time_end=20150802225233&total_fee=1&trade_type=JSAPI&transaction_id=1010170821201508020534323373&key=UQX5U5HKvBkBHC3KR5vVzSBHc2HhqHHU


执行日期：2015-08-02 22:52:35
【签名 MD5】:B0D2E4513CDB3A0CD07D6F5E0E3C7279


执行日期：2015-08-02 22:52:35
【xml sign】:B0D2E4513CDB3A0CD07D6F5E0E3C7279
【local Sign】:B0D2E4513CDB3A0CD07D6F5E0E3C7279


执行日期：2015-08-02 22:58:29
【saveData xml】
:<xml><appid><![CDATA[wx89fa50cfbf52f6d5]]></appid>
<bank_type><![CDATA[CFT]]></bank_type>
<cash_fee><![CDATA[1]]></cash_fee>
<fee_type><![CDATA[CNY]]></fee_type>
<is_subscribe><![CDATA[Y]]></is_subscribe>
<mch_id><![CDATA[1228480802]]></mch_id>
<nonce_str><![CDATA[pwmjg48g18ih3ua3awdbhsbwmmaxowre]]></nonce_str>
<openid><![CDATA[onXnrjiA-U2fb-WldkLOyaMg_Zv4]]></openid>
<order_id><![CDATA[0]]></order_id>
<out_trade_no><![CDATA[20150802664]]></out_trade_no>
<result_code><![CDATA[SUCCESS]]></result_code>
<return_code><![CDATA[SUCCESS]]></return_code>
<sign><![CDATA[697FE3D4F3DDD1C3EA5B8F169078A816]]></sign>
<time_end><![CDATA[20150802225827]]></time_end>
<total_fee>1</total_fee>
<trade_type><![CDATA[JSAPI]]></trade_type>
<transaction_id><![CDATA[1010170821201508020534343777]]></transaction_id>
</xml>


执行日期：2015-08-02 22:58:29
【saveData info】
:{"appid":"wx89fa50cfbf52f6d5","bank_type":"CFT","cash_fee":"1","fee_type":"CNY","is_subscribe":"Y","mch_id":"1228480802","nonce_str":"pwmjg48g18ih3ua3awdbhsbwmmaxowre","openid":"onXnrjiA-U2fb-WldkLOyaMg_Zv4","out_trade_no":"20150802664","result_code":"SUCCESS","return_code":"SUCCESS","sign":"697FE3D4F3DDD1C3EA5B8F169078A816","time_end":"20150802225827","total_fee":"1","trade_type":"JSAPI","transaction_id":"1010170821201508020534343777"}


执行日期：2015-08-02 22:58:29
【签名 字符】:appid=wx89fa50cfbf52f6d5&bank_type=CFT&cash_fee=1&fee_type=CNY&is_subscribe=Y&mch_id=1228480802&nonce_str=pwmjg48g18ih3ua3awdbhsbwmmaxowre&openid=onXnrjiA-U2fb-WldkLOyaMg_Zv4&out_trade_no=20150802664&result_code=SUCCESS&return_code=SUCCESS&time_end=20150802225827&total_fee=1&trade_type=JSAPI&transaction_id=1010170821201508020534343777&key=UQX5U5HKvBkBHC3KR5vVzSBHc2HhqHHU


执行日期：2015-08-02 22:58:29
【签名 MD5】:697FE3D4F3DDD1C3EA5B8F169078A816


执行日期：2015-08-02 22:58:29
【xml sign】:697FE3D4F3DDD1C3EA5B8F169078A816
【local Sign】:697FE3D4F3DDD1C3EA5B8F169078A816


